pushsdk/build/outputs/logs/manifest-merger-debug-report.txt
-- Merging decision tree log ---
manifest
ADDED from src\main\AndroidManifest.xml:2:1-30:12
INJECTED from src\main\AndroidManifest.xml:2:1-30:12
INJECTED from src\main\AndroidManifest.xml:2:1-30:12
INJECTED from src\main\AndroidManifest.xml:2:1-30:12
INJECTED from src\main\AndroidManifest.xml:2:1-30:12
INJECTED from src\main\AndroidManifest.xml:2:1-30:12
INJECTED from src\main\AndroidManifest.xml:2:1-30:12
	package
		ADDED from src\main\AndroidManifest.xml:3:5-48
		INJECTED from src\main\AndroidManifest.xml
		INJECTED from src\main\AndroidManifest.xml
	android:versionName
		INJECTED from src\main\AndroidManifest.xml
		ADDED from src\main\AndroidManifest.xml:2:1-30:12
		INJECTED from src\main\AndroidManifest.xml
	android:versionCode
		INJECTED from src\main\AndroidManifest.xml
		ADDED from src\main\AndroidManifest.xml:2:1-30:12
		INJECTED from src\main\AndroidManifest.xml
	xmlns:android
		ADDED from src\main\AndroidManifest.xml:2:11-69
application
ADDED from src\main\AndroidManifest.xml:5:5-27:19
	android:label
		ADDED from src\main\AndroidManifest.xml:5:18-50
service#org.zywx.wbpalmstar.platform.push.PushService
ADDED from src\main\AndroidManifest.xml:7:9-11:38
	android:process
		ADDED from src\main\AndroidManifest.xml:9:13-36
	android:enabled
		ADDED from src\main\AndroidManifest.xml:11:13-35
	android:exported
		ADDED from src\main\AndroidManifest.xml:10:13-37
	android:name
		ADDED from src\main\AndroidManifest.xml:8:13-73
receiver#org.zywx.wbpalmstar.platform.push.PushBroadCastReceiver
ADDED from src\main\AndroidManifest.xml:13:9-18:20
	android:process
		ADDED from src\main\AndroidManifest.xml:14:84-107
	android:name
		ADDED from src\main\AndroidManifest.xml:14:13-83
intent-filter#android.intent.action.BOOT_COMPLETED
ADDED from src\main\AndroidManifest.xml:15:13-17:29
action#android.intent.action.BOOT_COMPLETED
ADDED from src\main\AndroidManifest.xml:16:17-79
	android:name
		ADDED from src\main\AndroidManifest.xml:16:25-76
receiver#org.zywx.wbpalmstar.platform.push.PushReceiver
ADDED from src\main\AndroidManifest.xml:20:9-25:20
	android:process
		ADDED from src\main\AndroidManifest.xml:21:75-98
	android:name
		ADDED from src\main\AndroidManifest.xml:21:13-74
intent-filter#org.zywx.push.receive
ADDED from src\main\AndroidManifest.xml:22:13-24:29
action#org.zywx.push.receive
ADDED from src\main\AndroidManifest.xml:23:17-64
	android:name
		ADDED from src\main\AndroidManifest.xml:23:25-61
uses-permission#android.permission.SYSTEM_ALERT_WINDOW
ADDED from src\main\AndroidManifest.xml:28:5-78
	android:name
		ADDED from src\main\AndroidManifest.xml:28:22-75
uses-permission#android.permission.ACCESS_WIFI_STATE
ADDED from src\main\AndroidManifest.xml:29:5-76
	android:name
		ADDED from src\main\AndroidManifest.xml:29:22-73
uses-sdk
INJECTED from src\main\AndroidManifest.xml reason: use-sdk injection requested
INJECTED from src\main\AndroidManifest.xml
INJECTED from src\main\AndroidManifest.xml
INJECTED from src\main\AndroidManifest.xml
INJECTED from src\main\AndroidManifest.xml
	android:targetSdkVersion
		INJECTED from src\main\AndroidManifest.xml
		ADDED from src\main\AndroidManifest.xml
		INJECTED from src\main\AndroidManifest.xml
	android:minSdkVersion
		INJECTED from src\main\AndroidManifest.xml
		ADDED from src\main\AndroidManifest.xml
		INJECTED from src\main\AndroidManifest.xml